<?xml version="1.0" encoding="UTF-8"?>
<testng-results skipped="0" failed="0" total="2" passed="2">
  <reporter-output>
  </reporter-output>
  <suite name="Default suite" duration-ms="17825" started-at="2015-03-12T10:25:11Z" finished-at="2015-03-12T10:25:29Z">
    <groups>
    </groups>
    <test name="Default test" duration-ms="17825" started-at="2015-03-12T10:25:11Z" finished-at="2015-03-12T10:25:29Z">
      <class name="com.elena.pages.LoginTest">
        <test-method status="PASS" signature="setUp()[pri:0, instance:com.elena.pages.LoginTest@671381e7]" name="setUp" is-config="true" duration-ms="3020" started-at="2015-03-12T06:25:08Z" finished-at="2015-03-12T06:25:11Z">
          <reporter-output>
          </reporter-output>
        </test-method> <!-- setUp -->
        <test-method status="PASS" signature="login()[pri:0, instance:com.elena.pages.LoginTest@671381e7]" name="login" duration-ms="16842" started-at="2015-03-12T06:25:11Z" finished-at="2015-03-12T06:25:28Z">
          <reporter-output>
          </reporter-output>
        </test-method> <!-- login -->
        <test-method status="PASS" signature="logout()[pri:0, instance:com.elena.pages.LoginTest@671381e7]" name="logout" duration-ms="971" started-at="2015-03-12T06:25:28Z" finished-at="2015-03-12T06:25:29Z">
          <reporter-output>
          </reporter-output>
        </test-method> <!-- logout -->
        <test-method status="PASS" signature="tearDown()[pri:0, instance:com.elena.pages.LoginTest@671381e7]" name="tearDown" is-config="true" duration-ms="785" started-at="2015-03-12T06:25:29Z" finished-at="2015-03-12T06:25:30Z">
          <reporter-output>
          </reporter-output>
        </test-method> <!-- tearDown -->
      </class> <!-- com.elena.pages.LoginTest -->
    </test> <!-- Default test -->
  </suite> <!-- Default suite -->
</testng-results>
