<?xml version="1.0" encoding="UTF-8"?>
<testng-results skipped="0" failed="0" total="1" passed="1">
  <reporter-output>
  </reporter-output>
  <suite name="Default suite" duration-ms="9911" started-at="2015-03-12T01:24:23Z" finished-at="2015-03-12T01:24:33Z">
    <groups>
    </groups>
    <test name="Default test" duration-ms="9911" started-at="2015-03-12T01:24:23Z" finished-at="2015-03-12T01:24:33Z">
      <class name="com.elena.pages.LoginTest">
        <test-method status="PASS" signature="setUp()[pri:0, instance:com.elena.pages.LoginTest@704f459c]" name="setUp" is-config="true" duration-ms="4304" started-at="2015-03-11T21:24:18Z" finished-at="2015-03-11T21:24:23Z">
          <reporter-output>
          </reporter-output>
        </test-method> <!-- setUp -->
        <test-method status="PASS" signature="login()[pri:0, instance:com.elena.pages.LoginTest@704f459c]" name="login" duration-ms="9885" started-at="2015-03-11T21:24:23Z" finished-at="2015-03-11T21:24:33Z">
          <reporter-output>
          </reporter-output>
        </test-method> <!-- login -->
        <test-method status="PASS" signature="tearDown()[pri:0, instance:com.elena.pages.LoginTest@704f459c]" name="tearDown" is-config="true" duration-ms="2204" started-at="2015-03-11T21:24:33Z" finished-at="2015-03-11T21:24:35Z">
          <reporter-output>
          </reporter-output>
        </test-method> <!-- tearDown -->
      </class> <!-- com.elena.pages.LoginTest -->
    </test> <!-- Default test -->
  </suite> <!-- Default suite -->
</testng-results>
